Sep 15, 2022 10:47:13 AM de.gurkenlabs.litiengine.DefaultUncaughtExceptionHandler uncaughtException
SEVERE: Game crashed! :(
java.lang.NullPointerException
	at java.base/java.util.zip.InflaterInputStream.<init>(InflaterInputStream.java:83)
	at java.base/java.util.zip.GZIPInputStream.<init>(GZIPInputStream.java:77)
	at java.base/java.util.zip.GZIPInputStream.<init>(GZIPInputStream.java:91)
	at de.gurkenlabs.litiengine.resources.ResourceBundle.getResourceBundle(ResourceBundle.java:230)
	at de.gurkenlabs.litiengine.resources.ResourceBundle.load(ResourceBundle.java:88)
	at de.gurkenlabs.litiengine.resources.Resources.load(Resources.java:173)
	at de.gurkenlabs.litiengine.resources.Resources.load(Resources.java:160)
	at Controller.Program.main(Program.java:12)

Sep 15, 2022 11:00:16 AM de.gurkenlabs.litiengine.DefaultUncaughtExceptionHandler uncaughtException
SEVERE: Game crashed! :(
java.lang.NullPointerException
	at java.base/java.util.zip.InflaterInputStream.<init>(InflaterInputStream.java:83)
	at java.base/java.util.zip.GZIPInputStream.<init>(GZIPInputStream.java:77)
	at java.base/java.util.zip.GZIPInputStream.<init>(GZIPInputStream.java:91)
	at de.gurkenlabs.litiengine.resources.ResourceBundle.getResourceBundle(ResourceBundle.java:230)
	at de.gurkenlabs.litiengine.resources.ResourceBundle.load(ResourceBundle.java:88)
	at de.gurkenlabs.litiengine.resources.Resources.load(Resources.java:173)
	at de.gurkenlabs.litiengine.resources.Resources.load(Resources.java:160)
	at Controller.Program.main(Program.java:12)

Sep 15, 2022 11:01:42 AM de.gurkenlabs.litiengine.DefaultUncaughtExceptionHandler uncaughtException
SEVERE: Game crashed! :(
java.lang.NullPointerException
	at java.base/java.util.zip.InflaterInputStream.<init>(InflaterInputStream.java:83)
	at java.base/java.util.zip.GZIPInputStream.<init>(GZIPInputStream.java:77)
	at java.base/java.util.zip.GZIPInputStream.<init>(GZIPInputStream.java:91)
	at de.gurkenlabs.litiengine.resources.ResourceBundle.getResourceBundle(ResourceBundle.java:230)
	at de.gurkenlabs.litiengine.resources.ResourceBundle.load(ResourceBundle.java:88)
	at de.gurkenlabs.litiengine.resources.Resources.load(Resources.java:173)
	at de.gurkenlabs.litiengine.resources.Resources.load(Resources.java:160)
	at Controller.Program.main(Program.java:12)

Sep 15, 2022 11:02:22 AM de.gurkenlabs.litiengine.environment.tilemap.xml.TmxMap checkVersion
WARNING: Tiled version 1.9.1 of map "Test2ActualMap" is greater than the supported version 1.2.x. Some features may not work.
Sep 15, 2022 11:02:22 AM de.gurkenlabs.litiengine.DefaultUncaughtExceptionHandler uncaughtException
SEVERE: Game crashed! :(
de.gurkenlabs.litiengine.resources.ResourceLoadException: de.gurkenlabs.litiengine.environment.tilemap.xml.TmxException
	at de.gurkenlabs.litiengine.resources.ResourcesContainer.loadResource(ResourcesContainer.java:395)
	at java.base/java.util.concurrent.ConcurrentHashMap.computeIfAbsent(ConcurrentHashMap.java:1708)
	at de.gurkenlabs.litiengine.resources.ResourcesContainer.get(ResourcesContainer.java:276)
	at de.gurkenlabs.litiengine.resources.ResourcesContainer.get(ResourcesContainer.java:209)
	at de.gurkenlabs.litiengine.environment.GameWorld.getEnvironment(GameWorld.java:319)
	at de.gurkenlabs.litiengine.environment.GameWorld.loadEnvironment(GameWorld.java:424)
	at Controller.Program.main(Program.java:13)
Caused by: de.gurkenlabs.litiengine.environment.tilemap.xml.TmxException
	at de.gurkenlabs.litiengine.resources.Maps.load(Maps.java:111)
	at de.gurkenlabs.litiengine.resources.Maps.load(Maps.java:32)
	at de.gurkenlabs.litiengine.resources.ResourcesContainer.loadResource(ResourcesContainer.java:393)
	... 6 more
Caused by: jakarta.xml.bind.UnmarshalException
 - with linked exception:
[java.io.FileNotFoundException: C:\Users\augus\IdeaProjects\TDA-367-projektgrupp-14\FirstTestmap (The system cannot find the file specified)]
	at org.glassfish.jaxb.runtime.v2.runtime.unmarshaller.UnmarshallerImpl.unmarshal0(UnmarshallerImpl.java:221)
	at org.glassfish.jaxb.runtime.v2.runtime.unmarshaller.UnmarshallerImpl.unmarshal(UnmarshallerImpl.java:189)
	at jakarta.xml.bind.helpers.AbstractUnmarshallerImpl.unmarshal(AbstractUnmarshallerImpl.java:140)
	at jakarta.xml.bind.helpers.AbstractUnmarshallerImpl.unmarshal(AbstractUnmarshallerImpl.java:145)
	at jakarta.xml.bind.helpers.AbstractUnmarshallerImpl.unmarshal(AbstractUnmarshallerImpl.java:154)
	at de.gurkenlabs.litiengine.util.io.XmlUtilities.read(XmlUtilities.java:98)
	at de.gurkenlabs.litiengine.resources.Maps.load(Maps.java:109)
	... 8 more
Caused by: java.io.FileNotFoundException: C:\Users\augus\IdeaProjects\TDA-367-projektgrupp-14\FirstTestmap (The system cannot find the file specified)
	at java.base/java.io.FileInputStream.open0(Native Method)
	at java.base/java.io.FileInputStream.open(FileInputStream.java:216)
	at java.base/java.io.FileInputStream.<init>(FileInputStream.java:157)
	at java.base/java.io.FileInputStream.<init>(FileInputStream.java:111)
	at java.base/sun.net.www.protocol.file.FileURLConnection.connect(FileURLConnection.java:86)
	at java.base/sun.net.www.protocol.file.FileURLConnection.getInputStream(FileURLConnection.java:189)
	at java.xml/com.sun.org.apache.xerces.internal.impl.XMLEntityManager.setupCurrentEntity(XMLEntityManager.java:653)
	at java.xml/com.sun.org.apache.xerces.internal.impl.XMLVersionDetector.determineDocVersion(XMLVersionDetector.java:150)
	at java.xml/com.sun.org.apache.xerces.internal.parsers.XML11Configuration.parse(XML11Configuration.java:861)
	at java.xml/com.sun.org.apache.xerces.internal.parsers.XML11Configuration.parse(XML11Configuration.java:825)
	at java.xml/com.sun.org.apache.xerces.internal.parsers.XMLParser.parse(XMLParser.java:141)
	at java.xml/com.sun.org.apache.xerces.internal.parsers.AbstractSAXParser.parse(AbstractSAXParser.java:1224)
	at java.xml/com.sun.org.apache.xerces.internal.jaxp.SAXParserImpl$JAXPSAXParser.parse(SAXParserImpl.java:637)
	at org.glassfish.jaxb.runtime.v2.runtime.unmarshaller.UnmarshallerImpl.unmarshal0(UnmarshallerImpl.java:218)
	... 14 more

Sep 15, 2022 11:04:51 AM de.gurkenlabs.litiengine.environment.tilemap.xml.TmxMap checkVersion
WARNING: Tiled version 1.9.1 of map "Test2ActualMap" is greater than the supported version 1.2.x. Some features may not work.
Sep 15, 2022 11:09:44 AM de.gurkenlabs.litiengine.environment.tilemap.xml.TmxMap checkVersion
WARNING: Tiled version 1.9.1 of map "Test2ActualMap" is greater than the supported version 1.2.x. Some features may not work.
Sep 15, 2022 11:09:44 AM de.gurkenlabs.litiengine.DefaultUncaughtExceptionHandler uncaughtException
SEVERE: Game crashed! :(
de.gurkenlabs.litiengine.resources.ResourceLoadException: de.gurkenlabs.litiengine.environment.tilemap.xml.TmxException
	at de.gurkenlabs.litiengine.resources.ResourcesContainer.loadResource(ResourcesContainer.java:395)
	at java.base/java.util.concurrent.ConcurrentHashMap.computeIfAbsent(ConcurrentHashMap.java:1708)
	at de.gurkenlabs.litiengine.resources.ResourcesContainer.get(ResourcesContainer.java:276)
	at de.gurkenlabs.litiengine.resources.ResourcesContainer.get(ResourcesContainer.java:209)
	at de.gurkenlabs.litiengine.environment.GameWorld.getEnvironment(GameWorld.java:319)
	at de.gurkenlabs.litiengine.environment.GameWorld.loadEnvironment(GameWorld.java:424)
	at Controller.Program.main(Program.java:13)
Caused by: de.gurkenlabs.litiengine.environment.tilemap.xml.TmxException
	at de.gurkenlabs.litiengine.resources.Maps.load(Maps.java:111)
	at de.gurkenlabs.litiengine.resources.Maps.load(Maps.java:32)
	at de.gurkenlabs.litiengine.resources.ResourcesContainer.loadResource(ResourcesContainer.java:393)
	... 6 more
Caused by: jakarta.xml.bind.UnmarshalException
 - with linked exception:
[java.io.FileNotFoundException: C:\Users\augus\IdeaProjects\TDA-367-projektgrupp-14\PleaseWork (The system cannot find the file specified)]
	at org.glassfish.jaxb.runtime.v2.runtime.unmarshaller.UnmarshallerImpl.unmarshal0(UnmarshallerImpl.java:221)
	at org.glassfish.jaxb.runtime.v2.runtime.unmarshaller.UnmarshallerImpl.unmarshal(UnmarshallerImpl.java:189)
	at jakarta.xml.bind.helpers.AbstractUnmarshallerImpl.unmarshal(AbstractUnmarshallerImpl.java:140)
	at jakarta.xml.bind.helpers.AbstractUnmarshallerImpl.unmarshal(AbstractUnmarshallerImpl.java:145)
	at jakarta.xml.bind.helpers.AbstractUnmarshallerImpl.unmarshal(AbstractUnmarshallerImpl.java:154)
	at de.gurkenlabs.litiengine.util.io.XmlUtilities.read(XmlUtilities.java:98)
	at de.gurkenlabs.litiengine.resources.Maps.load(Maps.java:109)
	... 8 more
Caused by: java.io.FileNotFoundException: C:\Users\augus\IdeaProjects\TDA-367-projektgrupp-14\PleaseWork (The system cannot find the file specified)
	at java.base/java.io.FileInputStream.open0(Native Method)
	at java.base/java.io.FileInputStream.open(FileInputStream.java:216)
	at java.base/java.io.FileInputStream.<init>(FileInputStream.java:157)
	at java.base/java.io.FileInputStream.<init>(FileInputStream.java:111)
	at java.base/sun.net.www.protocol.file.FileURLConnection.connect(FileURLConnection.java:86)
	at java.base/sun.net.www.protocol.file.FileURLConnection.getInputStream(FileURLConnection.java:189)
	at java.xml/com.sun.org.apache.xerces.internal.impl.XMLEntityManager.setupCurrentEntity(XMLEntityManager.java:653)
	at java.xml/com.sun.org.apache.xerces.internal.impl.XMLVersionDetector.determineDocVersion(XMLVersionDetector.java:150)
	at java.xml/com.sun.org.apache.xerces.internal.parsers.XML11Configuration.parse(XML11Configuration.java:861)
	at java.xml/com.sun.org.apache.xerces.internal.parsers.XML11Configuration.parse(XML11Configuration.java:825)
	at java.xml/com.sun.org.apache.xerces.internal.parsers.XMLParser.parse(XMLParser.java:141)
	at java.xml/com.sun.org.apache.xerces.internal.parsers.AbstractSAXParser.parse(AbstractSAXParser.java:1224)
	at java.xml/com.sun.org.apache.xerces.internal.jaxp.SAXParserImpl$JAXPSAXParser.parse(SAXParserImpl.java:637)
	at org.glassfish.jaxb.runtime.v2.runtime.unmarshaller.UnmarshallerImpl.unmarshal0(UnmarshallerImpl.java:218)
	... 14 more

Sep 15, 2022 11:12:22 AM de.gurkenlabs.litiengine.environment.tilemap.xml.TmxMap checkVersion
WARNING: Tiled version 1.9.1 of map "Test2ActualMap" is greater than the supported version 1.2.x. Some features may not work.
Sep 15, 2022 11:12:23 AM de.gurkenlabs.litiengine.DefaultUncaughtExceptionHandler uncaughtException
SEVERE: Game crashed! :(
de.gurkenlabs.litiengine.resources.ResourceLoadException: de.gurkenlabs.litiengine.environment.tilemap.xml.TmxException
	at de.gurkenlabs.litiengine.resources.ResourcesContainer.loadResource(ResourcesContainer.java:395)
	at java.base/java.util.concurrent.ConcurrentHashMap.computeIfAbsent(ConcurrentHashMap.java:1740)
	at de.gurkenlabs.litiengine.resources.ResourcesContainer.get(ResourcesContainer.java:276)
	at de.gurkenlabs.litiengine.resources.ResourcesContainer.get(ResourcesContainer.java:209)
	at de.gurkenlabs.litiengine.environment.GameWorld.getEnvironment(GameWorld.java:319)
	at de.gurkenlabs.litiengine.environment.GameWorld.loadEnvironment(GameWorld.java:424)
	at Controller.Program.main(Program.java:13)
Caused by: de.gurkenlabs.litiengine.environment.tilemap.xml.TmxException
	at de.gurkenlabs.litiengine.resources.Maps.load(Maps.java:111)
	at de.gurkenlabs.litiengine.resources.Maps.load(Maps.java:32)
	at de.gurkenlabs.litiengine.resources.ResourcesContainer.loadResource(ResourcesContainer.java:393)
	... 6 more
Caused by: jakarta.xml.bind.UnmarshalException
 - with linked exception:
[java.io.FileNotFoundException: C:\Users\augus\IdeaProjects\TDA-367-projektgrupp-14\Test2ActualMap2 (The system cannot find the file specified)]
	at org.glassfish.jaxb.runtime.v2.runtime.unmarshaller.UnmarshallerImpl.unmarshal0(UnmarshallerImpl.java:221)
	at org.glassfish.jaxb.runtime.v2.runtime.unmarshaller.UnmarshallerImpl.unmarshal(UnmarshallerImpl.java:189)
	at jakarta.xml.bind.helpers.AbstractUnmarshallerImpl.unmarshal(AbstractUnmarshallerImpl.java:140)
	at jakarta.xml.bind.helpers.AbstractUnmarshallerImpl.unmarshal(AbstractUnmarshallerImpl.java:145)
	at jakarta.xml.bind.helpers.AbstractUnmarshallerImpl.unmarshal(AbstractUnmarshallerImpl.java:154)
	at de.gurkenlabs.litiengine.util.io.XmlUtilities.read(XmlUtilities.java:98)
	at de.gurkenlabs.litiengine.resources.Maps.load(Maps.java:109)
	... 8 more
Caused by: java.io.FileNotFoundException: C:\Users\augus\IdeaProjects\TDA-367-projektgrupp-14\Test2ActualMap2 (The system cannot find the file specified)
	at java.base/java.io.FileInputStream.open0(Native Method)
	at java.base/java.io.FileInputStream.open(FileInputStream.java:216)
	at java.base/java.io.FileInputStream.<init>(FileInputStream.java:157)
	at java.base/java.io.FileInputStream.<init>(FileInputStream.java:111)
	at java.base/sun.net.www.protocol.file.FileURLConnection.connect(FileURLConnection.java:86)
	at java.base/sun.net.www.protocol.file.FileURLConnection.getInputStream(FileURLConnection.java:189)
	at java.xml/com.sun.org.apache.xerces.internal.impl.XMLEntityManager.setupCurrentEntity(XMLEntityManager.java:653)
	at java.xml/com.sun.org.apache.xerces.internal.impl.XMLVersionDetector.determineDocVersion(XMLVersionDetector.java:150)
	at java.xml/com.sun.org.apache.xerces.internal.parsers.XML11Configuration.parse(XML11Configuration.java:861)
	at java.xml/com.sun.org.apache.xerces.internal.parsers.XML11Configuration.parse(XML11Configuration.java:825)
	at java.xml/com.sun.org.apache.xerces.internal.parsers.XMLParser.parse(XMLParser.java:141)
	at java.xml/com.sun.org.apache.xerces.internal.parsers.AbstractSAXParser.parse(AbstractSAXParser.java:1224)
	at java.xml/com.sun.org.apache.xerces.internal.jaxp.SAXParserImpl$JAXPSAXParser.parse(SAXParserImpl.java:637)
	at org.glassfish.jaxb.runtime.v2.runtime.unmarshaller.UnmarshallerImpl.unmarshal0(UnmarshallerImpl.java:218)
	... 14 more

Sep 15, 2022 11:30:04 AM de.gurkenlabs.litiengine.environment.tilemap.xml.TmxMap checkVersion
WARNING: Tiled version 1.9.1 of map "Test2ActualMap" is greater than the supported version 1.2.x. Some features may not work.
Sep 15, 2022 11:30:04 AM de.gurkenlabs.litiengine.DefaultUncaughtExceptionHandler uncaughtException
SEVERE: Game crashed! :(
de.gurkenlabs.litiengine.resources.ResourceLoadException: de.gurkenlabs.litiengine.environment.tilemap.xml.TmxException
	at de.gurkenlabs.litiengine.resources.ResourcesContainer.loadResource(ResourcesContainer.java:395)
	at java.base/java.util.concurrent.ConcurrentHashMap.computeIfAbsent(ConcurrentHashMap.java:1740)
	at de.gurkenlabs.litiengine.resources.ResourcesContainer.get(ResourcesContainer.java:276)
	at de.gurkenlabs.litiengine.resources.ResourcesContainer.get(ResourcesContainer.java:209)
	at de.gurkenlabs.litiengine.environment.GameWorld.getEnvironment(GameWorld.java:319)
	at de.gurkenlabs.litiengine.environment.GameWorld.loadEnvironment(GameWorld.java:424)
	at Controller.Program.main(Program.java:13)
Caused by: de.gurkenlabs.litiengine.environment.tilemap.xml.TmxException
	at de.gurkenlabs.litiengine.resources.Maps.load(Maps.java:111)
	at de.gurkenlabs.litiengine.resources.Maps.load(Maps.java:32)
	at de.gurkenlabs.litiengine.resources.ResourcesContainer.loadResource(ResourcesContainer.java:393)
	... 6 more
Caused by: jakarta.xml.bind.UnmarshalException
 - with linked exception:
[java.io.FileNotFoundException: C:\Users\augus\IdeaProjects\TDA-367-projektgrupp-14\Test2ActualMap2 (The system cannot find the file specified)]
	at org.glassfish.jaxb.runtime.v2.runtime.unmarshaller.UnmarshallerImpl.unmarshal0(UnmarshallerImpl.java:221)
	at org.glassfish.jaxb.runtime.v2.runtime.unmarshaller.UnmarshallerImpl.unmarshal(UnmarshallerImpl.java:189)
	at jakarta.xml.bind.helpers.AbstractUnmarshallerImpl.unmarshal(AbstractUnmarshallerImpl.java:140)
	at jakarta.xml.bind.helpers.AbstractUnmarshallerImpl.unmarshal(AbstractUnmarshallerImpl.java:145)
	at jakarta.xml.bind.helpers.AbstractUnmarshallerImpl.unmarshal(AbstractUnmarshallerImpl.java:154)
	at de.gurkenlabs.litiengine.util.io.XmlUtilities.read(XmlUtilities.java:98)
	at de.gurkenlabs.litiengine.resources.Maps.load(Maps.java:109)
	... 8 more
Caused by: java.io.FileNotFoundException: C:\Users\augus\IdeaProjects\TDA-367-projektgrupp-14\Test2ActualMap2 (The system cannot find the file specified)
	at java.base/java.io.FileInputStream.open0(Native Method)
	at java.base/java.io.FileInputStream.open(FileInputStream.java:216)
	at java.base/java.io.FileInputStream.<init>(FileInputStream.java:157)
	at java.base/java.io.FileInputStream.<init>(FileInputStream.java:111)
	at java.base/sun.net.www.protocol.file.FileURLConnection.connect(FileURLConnection.java:86)
	at java.base/sun.net.www.protocol.file.FileURLConnection.getInputStream(FileURLConnection.java:189)
	at java.xml/com.sun.org.apache.xerces.internal.impl.XMLEntityManager.setupCurrentEntity(XMLEntityManager.java:653)
	at java.xml/com.sun.org.apache.xerces.internal.impl.XMLVersionDetector.determineDocVersion(XMLVersionDetector.java:150)
	at java.xml/com.sun.org.apache.xerces.internal.parsers.XML11Configuration.parse(XML11Configuration.java:861)
	at java.xml/com.sun.org.apache.xerces.internal.parsers.XML11Configuration.parse(XML11Configuration.java:825)
	at java.xml/com.sun.org.apache.xerces.internal.parsers.XMLParser.parse(XMLParser.java:141)
	at java.xml/com.sun.org.apache.xerces.internal.parsers.AbstractSAXParser.parse(AbstractSAXParser.java:1224)
	at java.xml/com.sun.org.apache.xerces.internal.jaxp.SAXParserImpl$JAXPSAXParser.parse(SAXParserImpl.java:637)
	at org.glassfish.jaxb.runtime.v2.runtime.unmarshaller.UnmarshallerImpl.unmarshal0(UnmarshallerImpl.java:218)
	... 14 more

Sep 15, 2022 11:47:47 AM de.gurkenlabs.litiengine.environment.tilemap.xml.TmxMap checkVersion
WARNING: Tiled version 1.9.1 of map "Test2ActualMap" is greater than the supported version 1.2.x. Some features may not work.
Sep 15, 2022 11:47:47 AM de.gurkenlabs.litiengine.DefaultUncaughtExceptionHandler uncaughtException
SEVERE: Game crashed! :(
de.gurkenlabs.litiengine.resources.ResourceLoadException: de.gurkenlabs.litiengine.environment.tilemap.xml.TmxException
	at de.gurkenlabs.litiengine.resources.ResourcesContainer.loadResource(ResourcesContainer.java:395)
	at java.base/java.util.concurrent.ConcurrentHashMap.computeIfAbsent(ConcurrentHashMap.java:1740)
	at de.gurkenlabs.litiengine.resources.ResourcesContainer.get(ResourcesContainer.java:276)
	at de.gurkenlabs.litiengine.resources.ResourcesContainer.get(ResourcesContainer.java:209)
	at de.gurkenlabs.litiengine.environment.GameWorld.getEnvironment(GameWorld.java:319)
	at de.gurkenlabs.litiengine.environment.GameWorld.loadEnvironment(GameWorld.java:424)
	at Controller.Program.main(Program.java:13)
Caused by: de.gurkenlabs.litiengine.environment.tilemap.xml.TmxException
	at de.gurkenlabs.litiengine.resources.Maps.load(Maps.java:111)
	at de.gurkenlabs.litiengine.resources.Maps.load(Maps.java:32)
	at de.gurkenlabs.litiengine.resources.ResourcesContainer.loadResource(ResourcesContainer.java:393)
	... 6 more
Caused by: jakarta.xml.bind.UnmarshalException
 - with linked exception:
[java.io.FileNotFoundException: C:\Users\augus\IdeaProjects\TDA-367-projektgrupp-14\Test2ActualMap2 (The system cannot find the file specified)]
	at org.glassfish.jaxb.runtime.v2.runtime.unmarshaller.UnmarshallerImpl.unmarshal0(UnmarshallerImpl.java:221)
	at org.glassfish.jaxb.runtime.v2.runtime.unmarshaller.UnmarshallerImpl.unmarshal(UnmarshallerImpl.java:189)
	at jakarta.xml.bind.helpers.AbstractUnmarshallerImpl.unmarshal(AbstractUnmarshallerImpl.java:140)
	at jakarta.xml.bind.helpers.AbstractUnmarshallerImpl.unmarshal(AbstractUnmarshallerImpl.java:145)
	at jakarta.xml.bind.helpers.AbstractUnmarshallerImpl.unmarshal(AbstractUnmarshallerImpl.java:154)
	at de.gurkenlabs.litiengine.util.io.XmlUtilities.read(XmlUtilities.java:98)
	at de.gurkenlabs.litiengine.resources.Maps.load(Maps.java:109)
	... 8 more
Caused by: java.io.FileNotFoundException: C:\Users\augus\IdeaProjects\TDA-367-projektgrupp-14\Test2ActualMap2 (The system cannot find the file specified)
	at java.base/java.io.FileInputStream.open0(Native Method)
	at java.base/java.io.FileInputStream.open(FileInputStream.java:216)
	at java.base/java.io.FileInputStream.<init>(FileInputStream.java:157)
	at java.base/java.io.FileInputStream.<init>(FileInputStream.java:111)
	at java.base/sun.net.www.protocol.file.FileURLConnection.connect(FileURLConnection.java:86)
	at java.base/sun.net.www.protocol.file.FileURLConnection.getInputStream(FileURLConnection.java:189)
	at java.xml/com.sun.org.apache.xerces.internal.impl.XMLEntityManager.setupCurrentEntity(XMLEntityManager.java:653)
	at java.xml/com.sun.org.apache.xerces.internal.impl.XMLVersionDetector.determineDocVersion(XMLVersionDetector.java:150)
	at java.xml/com.sun.org.apache.xerces.internal.parsers.XML11Configuration.parse(XML11Configuration.java:861)
	at java.xml/com.sun.org.apache.xerces.internal.parsers.XML11Configuration.parse(XML11Configuration.java:825)
	at java.xml/com.sun.org.apache.xerces.internal.parsers.XMLParser.parse(XMLParser.java:141)
	at java.xml/com.sun.org.apache.xerces.internal.parsers.AbstractSAXParser.parse(AbstractSAXParser.java:1224)
	at java.xml/com.sun.org.apache.xerces.internal.jaxp.SAXParserImpl$JAXPSAXParser.parse(SAXParserImpl.java:637)
	at org.glassfish.jaxb.runtime.v2.runtime.unmarshaller.UnmarshallerImpl.unmarshal0(UnmarshallerImpl.java:218)
	... 14 more

Sep 19, 2022 10:40:23 AM de.gurkenlabs.litiengine.environment.tilemap.xml.TmxMap checkVersion
WARNING: Tiled version 1.9.1 of map "Test2ActualMap" is greater than the supported version 1.2.x. Some features may not work.
Sep 19, 2022 10:40:23 AM de.gurkenlabs.litiengine.DefaultUncaughtExceptionHandler uncaughtException
SEVERE: Game crashed! :(
de.gurkenlabs.litiengine.resources.ResourceLoadException: de.gurkenlabs.litiengine.environment.tilemap.xml.TmxException
	at de.gurkenlabs.litiengine.resources.ResourcesContainer.loadResource(ResourcesContainer.java:395)
	at java.base/java.util.concurrent.ConcurrentHashMap.computeIfAbsent(ConcurrentHashMap.java:1740)
	at de.gurkenlabs.litiengine.resources.ResourcesContainer.get(ResourcesContainer.java:276)
	at de.gurkenlabs.litiengine.resources.ResourcesContainer.get(ResourcesContainer.java:209)
	at de.gurkenlabs.litiengine.environment.GameWorld.getEnvironment(GameWorld.java:319)
	at de.gurkenlabs.litiengine.environment.GameWorld.loadEnvironment(GameWorld.java:424)
	at Controller.Program.main(Program.java:13)
Caused by: de.gurkenlabs.litiengine.environment.tilemap.xml.TmxException
	at de.gurkenlabs.litiengine.resources.Maps.load(Maps.java:111)
	at de.gurkenlabs.litiengine.resources.Maps.load(Maps.java:32)
	at de.gurkenlabs.litiengine.resources.ResourcesContainer.loadResource(ResourcesContainer.java:393)
	... 6 more
Caused by: jakarta.xml.bind.UnmarshalException
 - with linked exception:
[java.io.FileNotFoundException: C:\Users\augus\IdeaProjects\TDA-367-projektgrupp-14\Test2ActualMap2 (The system cannot find the file specified)]
	at org.glassfish.jaxb.runtime.v2.runtime.unmarshaller.UnmarshallerImpl.unmarshal0(UnmarshallerImpl.java:221)
	at org.glassfish.jaxb.runtime.v2.runtime.unmarshaller.UnmarshallerImpl.unmarshal(UnmarshallerImpl.java:189)
	at jakarta.xml.bind.helpers.AbstractUnmarshallerImpl.unmarshal(AbstractUnmarshallerImpl.java:140)
	at jakarta.xml.bind.helpers.AbstractUnmarshallerImpl.unmarshal(AbstractUnmarshallerImpl.java:145)
	at jakarta.xml.bind.helpers.AbstractUnmarshallerImpl.unmarshal(AbstractUnmarshallerImpl.java:154)
	at de.gurkenlabs.litiengine.util.io.XmlUtilities.read(XmlUtilities.java:98)
	at de.gurkenlabs.litiengine.resources.Maps.load(Maps.java:109)
	... 8 more
Caused by: java.io.FileNotFoundException: C:\Users\augus\IdeaProjects\TDA-367-projektgrupp-14\Test2ActualMap2 (The system cannot find the file specified)
	at java.base/java.io.FileInputStream.open0(Native Method)
	at java.base/java.io.FileInputStream.open(FileInputStream.java:216)
	at java.base/java.io.FileInputStream.<init>(FileInputStream.java:157)
	at java.base/java.io.FileInputStream.<init>(FileInputStream.java:111)
	at java.base/sun.net.www.protocol.file.FileURLConnection.connect(FileURLConnection.java:86)
	at java.base/sun.net.www.protocol.file.FileURLConnection.getInputStream(FileURLConnection.java:189)
	at java.xml/com.sun.org.apache.xerces.internal.impl.XMLEntityManager.setupCurrentEntity(XMLEntityManager.java:653)
	at java.xml/com.sun.org.apache.xerces.internal.impl.XMLVersionDetector.determineDocVersion(XMLVersionDetector.java:150)
	at java.xml/com.sun.org.apache.xerces.internal.parsers.XML11Configuration.parse(XML11Configuration.java:861)
	at java.xml/com.sun.org.apache.xerces.internal.parsers.XML11Configuration.parse(XML11Configuration.java:825)
	at java.xml/com.sun.org.apache.xerces.internal.parsers.XMLParser.parse(XMLParser.java:141)
	at java.xml/com.sun.org.apache.xerces.internal.parsers.AbstractSAXParser.parse(AbstractSAXParser.java:1224)
	at java.xml/com.sun.org.apache.xerces.internal.jaxp.SAXParserImpl$JAXPSAXParser.parse(SAXParserImpl.java:637)
	at org.glassfish.jaxb.runtime.v2.runtime.unmarshaller.UnmarshallerImpl.unmarshal0(UnmarshallerImpl.java:218)
	... 14 more

Sep 19, 2022 10:43:11 AM de.gurkenlabs.litiengine.environment.tilemap.xml.TmxMap checkVersion
WARNING: Tiled version 1.9.1 of map "Test2ActualMap" is greater than the supported version 1.2.x. Some features may not work.
Sep 19, 2022 10:43:11 AM de.gurkenlabs.litiengine.DefaultUncaughtExceptionHandler uncaughtException
SEVERE: Game crashed! :(
de.gurkenlabs.litiengine.resources.ResourceLoadException: de.gurkenlabs.litiengine.environment.tilemap.xml.TmxException
	at de.gurkenlabs.litiengine.resources.ResourcesContainer.loadResource(ResourcesContainer.java:395)
	at java.base/java.util.concurrent.ConcurrentHashMap.computeIfAbsent(ConcurrentHashMap.java:1740)
	at de.gurkenlabs.litiengine.resources.ResourcesContainer.get(ResourcesContainer.java:276)
	at de.gurkenlabs.litiengine.resources.ResourcesContainer.get(ResourcesContainer.java:209)
	at de.gurkenlabs.litiengine.environment.GameWorld.getEnvironment(GameWorld.java:319)
	at de.gurkenlabs.litiengine.environment.GameWorld.loadEnvironment(GameWorld.java:424)
	at Controller.Program.main(Program.java:13)
Caused by: de.gurkenlabs.litiengine.environment.tilemap.xml.TmxException
	at de.gurkenlabs.litiengine.resources.Maps.load(Maps.java:111)
	at de.gurkenlabs.litiengine.resources.Maps.load(Maps.java:32)
	at de.gurkenlabs.litiengine.resources.ResourcesContainer.loadResource(ResourcesContainer.java:393)
	... 6 more
Caused by: jakarta.xml.bind.UnmarshalException
 - with linked exception:
[java.io.FileNotFoundException: C:\Users\augus\IdeaProjects\TDA-367-projektgrupp-14\Test2ActualMap2 (The system cannot find the file specified)]
	at org.glassfish.jaxb.runtime.v2.runtime.unmarshaller.UnmarshallerImpl.unmarshal0(UnmarshallerImpl.java:221)
	at org.glassfish.jaxb.runtime.v2.runtime.unmarshaller.UnmarshallerImpl.unmarshal(UnmarshallerImpl.java:189)
	at jakarta.xml.bind.helpers.AbstractUnmarshallerImpl.unmarshal(AbstractUnmarshallerImpl.java:140)
	at jakarta.xml.bind.helpers.AbstractUnmarshallerImpl.unmarshal(AbstractUnmarshallerImpl.java:145)
	at jakarta.xml.bind.helpers.AbstractUnmarshallerImpl.unmarshal(AbstractUnmarshallerImpl.java:154)
	at de.gurkenlabs.litiengine.util.io.XmlUtilities.read(XmlUtilities.java:98)
	at de.gurkenlabs.litiengine.resources.Maps.load(Maps.java:109)
	... 8 more
Caused by: java.io.FileNotFoundException: C:\Users\augus\IdeaProjects\TDA-367-projektgrupp-14\Test2ActualMap2 (The system cannot find the file specified)
	at java.base/java.io.FileInputStream.open0(Native Method)
	at java.base/java.io.FileInputStream.open(FileInputStream.java:216)
	at java.base/java.io.FileInputStream.<init>(FileInputStream.java:157)
	at java.base/java.io.FileInputStream.<init>(FileInputStream.java:111)
	at java.base/sun.net.www.protocol.file.FileURLConnection.connect(FileURLConnection.java:86)
	at java.base/sun.net.www.protocol.file.FileURLConnection.getInputStream(FileURLConnection.java:189)
	at java.xml/com.sun.org.apache.xerces.internal.impl.XMLEntityManager.setupCurrentEntity(XMLEntityManager.java:653)
	at java.xml/com.sun.org.apache.xerces.internal.impl.XMLVersionDetector.determineDocVersion(XMLVersionDetector.java:150)
	at java.xml/com.sun.org.apache.xerces.internal.parsers.XML11Configuration.parse(XML11Configuration.java:861)
	at java.xml/com.sun.org.apache.xerces.internal.parsers.XML11Configuration.parse(XML11Configuration.java:825)
	at java.xml/com.sun.org.apache.xerces.internal.parsers.XMLParser.parse(XMLParser.java:141)
	at java.xml/com.sun.org.apache.xerces.internal.parsers.AbstractSAXParser.parse(AbstractSAXParser.java:1224)
	at java.xml/com.sun.org.apache.xerces.internal.jaxp.SAXParserImpl$JAXPSAXParser.parse(SAXParserImpl.java:637)
	at org.glassfish.jaxb.runtime.v2.runtime.unmarshaller.UnmarshallerImpl.unmarshal0(UnmarshallerImpl.java:218)
	... 14 more

Sep 19, 2022 10:44:23 AM de.gurkenlabs.litiengine.environment.tilemap.xml.TmxMap checkVersion
WARNING: Tiled version 1.9.1 of map "Test2ActualMap" is greater than the supported version 1.2.x. Some features may not work.
Sep 19, 2022 10:44:23 AM de.gurkenlabs.litiengine.DefaultUncaughtExceptionHandler uncaughtException
SEVERE: Game crashed! :(
de.gurkenlabs.litiengine.resources.ResourceLoadException: de.gurkenlabs.litiengine.environment.tilemap.xml.TmxException
	at de.gurkenlabs.litiengine.resources.ResourcesContainer.loadResource(ResourcesContainer.java:395)
	at java.base/java.util.concurrent.ConcurrentHashMap.computeIfAbsent(ConcurrentHashMap.java:1740)
	at de.gurkenlabs.litiengine.resources.ResourcesContainer.get(ResourcesContainer.java:276)
	at de.gurkenlabs.litiengine.resources.ResourcesContainer.get(ResourcesContainer.java:209)
	at de.gurkenlabs.litiengine.environment.GameWorld.getEnvironment(GameWorld.java:319)
	at de.gurkenlabs.litiengine.environment.GameWorld.loadEnvironment(GameWorld.java:424)
	at Controller.Program.main(Program.java:13)
Caused by: de.gurkenlabs.litiengine.environment.tilemap.xml.TmxException
	at de.gurkenlabs.litiengine.resources.Maps.load(Maps.java:111)
	at de.gurkenlabs.litiengine.resources.Maps.load(Maps.java:32)
	at de.gurkenlabs.litiengine.resources.ResourcesContainer.loadResource(ResourcesContainer.java:393)
	... 6 more
Caused by: jakarta.xml.bind.UnmarshalException
 - with linked exception:
[java.io.FileNotFoundException: C:\Users\augus\IdeaProjects\TDA-367-projektgrupp-14\Test2ActualMap2 (The system cannot find the file specified)]
	at org.glassfish.jaxb.runtime.v2.runtime.unmarshaller.UnmarshallerImpl.unmarshal0(UnmarshallerImpl.java:221)
	at org.glassfish.jaxb.runtime.v2.runtime.unmarshaller.UnmarshallerImpl.unmarshal(UnmarshallerImpl.java:189)
	at jakarta.xml.bind.helpers.AbstractUnmarshallerImpl.unmarshal(AbstractUnmarshallerImpl.java:140)
	at jakarta.xml.bind.helpers.AbstractUnmarshallerImpl.unmarshal(AbstractUnmarshallerImpl.java:145)
	at jakarta.xml.bind.helpers.AbstractUnmarshallerImpl.unmarshal(AbstractUnmarshallerImpl.java:154)
	at de.gurkenlabs.litiengine.util.io.XmlUtilities.read(XmlUtilities.java:98)
	at de.gurkenlabs.litiengine.resources.Maps.load(Maps.java:109)
	... 8 more
Caused by: java.io.FileNotFoundException: C:\Users\augus\IdeaProjects\TDA-367-projektgrupp-14\Test2ActualMap2 (The system cannot find the file specified)
	at java.base/java.io.FileInputStream.open0(Native Method)
	at java.base/java.io.FileInputStream.open(FileInputStream.java:216)
	at java.base/java.io.FileInputStream.<init>(FileInputStream.java:157)
	at java.base/java.io.FileInputStream.<init>(FileInputStream.java:111)
	at java.base/sun.net.www.protocol.file.FileURLConnection.connect(FileURLConnection.java:86)
	at java.base/sun.net.www.protocol.file.FileURLConnection.getInputStream(FileURLConnection.java:189)
	at java.xml/com.sun.org.apache.xerces.internal.impl.XMLEntityManager.setupCurrentEntity(XMLEntityManager.java:653)
	at java.xml/com.sun.org.apache.xerces.internal.impl.XMLVersionDetector.determineDocVersion(XMLVersionDetector.java:150)
	at java.xml/com.sun.org.apache.xerces.internal.parsers.XML11Configuration.parse(XML11Configuration.java:861)
	at java.xml/com.sun.org.apache.xerces.internal.parsers.XML11Configuration.parse(XML11Configuration.java:825)
	at java.xml/com.sun.org.apache.xerces.internal.parsers.XMLParser.parse(XMLParser.java:141)
	at java.xml/com.sun.org.apache.xerces.internal.parsers.AbstractSAXParser.parse(AbstractSAXParser.java:1224)
	at java.xml/com.sun.org.apache.xerces.internal.jaxp.SAXParserImpl$JAXPSAXParser.parse(SAXParserImpl.java:637)
	at org.glassfish.jaxb.runtime.v2.runtime.unmarshaller.UnmarshallerImpl.unmarshal0(UnmarshallerImpl.java:218)
	... 14 more

Sep 19, 2022 10:44:40 AM de.gurkenlabs.litiengine.environment.tilemap.xml.TmxMap checkVersion
WARNING: Tiled version 1.9.1 of map "Test2ActualMap" is greater than the supported version 1.2.x. Some features may not work.
Sep 19, 2022 10:44:40 AM de.gurkenlabs.litiengine.DefaultUncaughtExceptionHandler uncaughtException
SEVERE: Game crashed! :(
de.gurkenlabs.litiengine.resources.ResourceLoadException: de.gurkenlabs.litiengine.environment.tilemap.xml.TmxException
	at de.gurkenlabs.litiengine.resources.ResourcesContainer.loadResource(ResourcesContainer.java:395)
	at java.base/java.util.concurrent.ConcurrentHashMap.computeIfAbsent(ConcurrentHashMap.java:1740)
	at de.gurkenlabs.litiengine.resources.ResourcesContainer.get(ResourcesContainer.java:276)
	at de.gurkenlabs.litiengine.resources.ResourcesContainer.get(ResourcesContainer.java:209)
	at de.gurkenlabs.litiengine.environment.GameWorld.getEnvironment(GameWorld.java:319)
	at de.gurkenlabs.litiengine.environment.GameWorld.loadEnvironment(GameWorld.java:424)
	at Controller.Program.main(Program.java:13)
Caused by: de.gurkenlabs.litiengine.environment.tilemap.xml.TmxException
	at de.gurkenlabs.litiengine.resources.Maps.load(Maps.java:111)
	at de.gurkenlabs.litiengine.resources.Maps.load(Maps.java:32)
	at de.gurkenlabs.litiengine.resources.ResourcesContainer.loadResource(ResourcesContainer.java:393)
	... 6 more
Caused by: jakarta.xml.bind.UnmarshalException
 - with linked exception:
[java.io.FileNotFoundException: C:\Users\augus\IdeaProjects\TDA-367-projektgrupp-14\Test2ActualMap2 (The system cannot find the file specified)]
	at org.glassfish.jaxb.runtime.v2.runtime.unmarshaller.UnmarshallerImpl.unmarshal0(UnmarshallerImpl.java:221)
	at org.glassfish.jaxb.runtime.v2.runtime.unmarshaller.UnmarshallerImpl.unmarshal(UnmarshallerImpl.java:189)
	at jakarta.xml.bind.helpers.AbstractUnmarshallerImpl.unmarshal(AbstractUnmarshallerImpl.java:140)
	at jakarta.xml.bind.helpers.AbstractUnmarshallerImpl.unmarshal(AbstractUnmarshallerImpl.java:145)
	at jakarta.xml.bind.helpers.AbstractUnmarshallerImpl.unmarshal(AbstractUnmarshallerImpl.java:154)
	at de.gurkenlabs.litiengine.util.io.XmlUtilities.read(XmlUtilities.java:98)
	at de.gurkenlabs.litiengine.resources.Maps.load(Maps.java:109)
	... 8 more
Caused by: java.io.FileNotFoundException: C:\Users\augus\IdeaProjects\TDA-367-projektgrupp-14\Test2ActualMap2 (The system cannot find the file specified)
	at java.base/java.io.FileInputStream.open0(Native Method)
	at java.base/java.io.FileInputStream.open(FileInputStream.java:216)
	at java.base/java.io.FileInputStream.<init>(FileInputStream.java:157)
	at java.base/java.io.FileInputStream.<init>(FileInputStream.java:111)
	at java.base/sun.net.www.protocol.file.FileURLConnection.connect(FileURLConnection.java:86)
	at java.base/sun.net.www.protocol.file.FileURLConnection.getInputStream(FileURLConnection.java:189)
	at java.xml/com.sun.org.apache.xerces.internal.impl.XMLEntityManager.setupCurrentEntity(XMLEntityManager.java:653)
	at java.xml/com.sun.org.apache.xerces.internal.impl.XMLVersionDetector.determineDocVersion(XMLVersionDetector.java:150)
	at java.xml/com.sun.org.apache.xerces.internal.parsers.XML11Configuration.parse(XML11Configuration.java:861)
	at java.xml/com.sun.org.apache.xerces.internal.parsers.XML11Configuration.parse(XML11Configuration.java:825)
	at java.xml/com.sun.org.apache.xerces.internal.parsers.XMLParser.parse(XMLParser.java:141)
	at java.xml/com.sun.org.apache.xerces.internal.parsers.AbstractSAXParser.parse(AbstractSAXParser.java:1224)
	at java.xml/com.sun.org.apache.xerces.internal.jaxp.SAXParserImpl$JAXPSAXParser.parse(SAXParserImpl.java:637)
	at org.glassfish.jaxb.runtime.v2.runtime.unmarshaller.UnmarshallerImpl.unmarshal0(UnmarshallerImpl.java:218)
	... 14 more

Sep 19, 2022 10:50:02 AM de.gurkenlabs.litiengine.environment.tilemap.xml.TmxMap checkVersion
WARNING: Tiled version 1.9.1 of map "Test2ActualMap" is greater than the supported version 1.2.x. Some features may not work.
Sep 19, 2022 10:50:02 AM de.gurkenlabs.litiengine.DefaultUncaughtExceptionHandler uncaughtException
SEVERE: Game crashed! :(
de.gurkenlabs.litiengine.resources.ResourceLoadException: de.gurkenlabs.litiengine.environment.tilemap.xml.TmxException
	at de.gurkenlabs.litiengine.resources.ResourcesContainer.loadResource(ResourcesContainer.java:395)
	at java.base/java.util.concurrent.ConcurrentHashMap.computeIfAbsent(ConcurrentHashMap.java:1740)
	at de.gurkenlabs.litiengine.resources.ResourcesContainer.get(ResourcesContainer.java:276)
	at de.gurkenlabs.litiengine.resources.ResourcesContainer.get(ResourcesContainer.java:209)
	at de.gurkenlabs.litiengine.environment.GameWorld.getEnvironment(GameWorld.java:319)
	at de.gurkenlabs.litiengine.environment.GameWorld.loadEnvironment(GameWorld.java:424)
	at Controller.Program.main(Program.java:14)
Caused by: de.gurkenlabs.litiengine.environment.tilemap.xml.TmxException
	at de.gurkenlabs.litiengine.resources.Maps.load(Maps.java:111)
	at de.gurkenlabs.litiengine.resources.Maps.load(Maps.java:32)
	at de.gurkenlabs.litiengine.resources.ResourcesContainer.loadResource(ResourcesContainer.java:393)
	... 6 more
Caused by: jakarta.xml.bind.UnmarshalException
 - with linked exception:
[java.io.FileNotFoundException: C:\Users\augus\IdeaProjects\TDA-367-projektgrupp-14\Test2ActualMap2 (The system cannot find the file specified)]
	at org.glassfish.jaxb.runtime.v2.runtime.unmarshaller.UnmarshallerImpl.unmarshal0(UnmarshallerImpl.java:221)
	at org.glassfish.jaxb.runtime.v2.runtime.unmarshaller.UnmarshallerImpl.unmarshal(UnmarshallerImpl.java:189)
	at jakarta.xml.bind.helpers.AbstractUnmarshallerImpl.unmarshal(AbstractUnmarshallerImpl.java:140)
	at jakarta.xml.bind.helpers.AbstractUnmarshallerImpl.unmarshal(AbstractUnmarshallerImpl.java:145)
	at jakarta.xml.bind.helpers.AbstractUnmarshallerImpl.unmarshal(AbstractUnmarshallerImpl.java:154)
	at de.gurkenlabs.litiengine.util.io.XmlUtilities.read(XmlUtilities.java:98)
	at de.gurkenlabs.litiengine.resources.Maps.load(Maps.java:109)
	... 8 more
Caused by: java.io.FileNotFoundException: C:\Users\augus\IdeaProjects\TDA-367-projektgrupp-14\Test2ActualMap2 (The system cannot find the file specified)
	at java.base/java.io.FileInputStream.open0(Native Method)
	at java.base/java.io.FileInputStream.open(FileInputStream.java:216)
	at java.base/java.io.FileInputStream.<init>(FileInputStream.java:157)
	at java.base/java.io.FileInputStream.<init>(FileInputStream.java:111)
	at java.base/sun.net.www.protocol.file.FileURLConnection.connect(FileURLConnection.java:86)
	at java.base/sun.net.www.protocol.file.FileURLConnection.getInputStream(FileURLConnection.java:189)
	at java.xml/com.sun.org.apache.xerces.internal.impl.XMLEntityManager.setupCurrentEntity(XMLEntityManager.java:653)
	at java.xml/com.sun.org.apache.xerces.internal.impl.XMLVersionDetector.determineDocVersion(XMLVersionDetector.java:150)
	at java.xml/com.sun.org.apache.xerces.internal.parsers.XML11Configuration.parse(XML11Configuration.java:861)
	at java.xml/com.sun.org.apache.xerces.internal.parsers.XML11Configuration.parse(XML11Configuration.java:825)
	at java.xml/com.sun.org.apache.xerces.internal.parsers.XMLParser.parse(XMLParser.java:141)
	at java.xml/com.sun.org.apache.xerces.internal.parsers.AbstractSAXParser.parse(AbstractSAXParser.java:1224)
	at java.xml/com.sun.org.apache.xerces.internal.jaxp.SAXParserImpl$JAXPSAXParser.parse(SAXParserImpl.java:637)
	at org.glassfish.jaxb.runtime.v2.runtime.unmarshaller.UnmarshallerImpl.unmarshal0(UnmarshallerImpl.java:218)
	... 14 more

Sep 19, 2022 10:50:11 AM de.gurkenlabs.litiengine.environment.tilemap.xml.TmxMap checkVersion
WARNING: Tiled version 1.9.1 of map "Test2ActualMap" is greater than the supported version 1.2.x. Some features may not work.
Sep 19, 2022 10:50:11 AM de.gurkenlabs.litiengine.DefaultUncaughtExceptionHandler uncaughtException
SEVERE: Game crashed! :(
de.gurkenlabs.litiengine.resources.ResourceLoadException: de.gurkenlabs.litiengine.environment.tilemap.xml.TmxException
	at de.gurkenlabs.litiengine.resources.ResourcesContainer.loadResource(ResourcesContainer.java:395)
	at java.base/java.util.concurrent.ConcurrentHashMap.computeIfAbsent(ConcurrentHashMap.java:1740)
	at de.gurkenlabs.litiengine.resources.ResourcesContainer.get(ResourcesContainer.java:276)
	at de.gurkenlabs.litiengine.resources.ResourcesContainer.get(ResourcesContainer.java:209)
	at de.gurkenlabs.litiengine.environment.GameWorld.getEnvironment(GameWorld.java:319)
	at de.gurkenlabs.litiengine.environment.GameWorld.loadEnvironment(GameWorld.java:424)
	at Controller.Program.main(Program.java:14)
Caused by: de.gurkenlabs.litiengine.environment.tilemap.xml.TmxException
	at de.gurkenlabs.litiengine.resources.Maps.load(Maps.java:111)
	at de.gurkenlabs.litiengine.resources.Maps.load(Maps.java:32)
	at de.gurkenlabs.litiengine.resources.ResourcesContainer.loadResource(ResourcesContainer.java:393)
	... 6 more
Caused by: jakarta.xml.bind.UnmarshalException
 - with linked exception:
[java.io.FileNotFoundException: C:\Users\augus\IdeaProjects\TDA-367-projektgrupp-14\Test2ActualMap2 (The system cannot find the file specified)]
	at org.glassfish.jaxb.runtime.v2.runtime.unmarshaller.UnmarshallerImpl.unmarshal0(UnmarshallerImpl.java:221)
	at org.glassfish.jaxb.runtime.v2.runtime.unmarshaller.UnmarshallerImpl.unmarshal(UnmarshallerImpl.java:189)
	at jakarta.xml.bind.helpers.AbstractUnmarshallerImpl.unmarshal(AbstractUnmarshallerImpl.java:140)
	at jakarta.xml.bind.helpers.AbstractUnmarshallerImpl.unmarshal(AbstractUnmarshallerImpl.java:145)
	at jakarta.xml.bind.helpers.AbstractUnmarshallerImpl.unmarshal(AbstractUnmarshallerImpl.java:154)
	at de.gurkenlabs.litiengine.util.io.XmlUtilities.read(XmlUtilities.java:98)
	at de.gurkenlabs.litiengine.resources.Maps.load(Maps.java:109)
	... 8 more
Caused by: java.io.FileNotFoundException: C:\Users\augus\IdeaProjects\TDA-367-projektgrupp-14\Test2ActualMap2 (The system cannot find the file specified)
	at java.base/java.io.FileInputStream.open0(Native Method)
	at java.base/java.io.FileInputStream.open(FileInputStream.java:216)
	at java.base/java.io.FileInputStream.<init>(FileInputStream.java:157)
	at java.base/java.io.FileInputStream.<init>(FileInputStream.java:111)
	at java.base/sun.net.www.protocol.file.FileURLConnection.connect(FileURLConnection.java:86)
	at java.base/sun.net.www.protocol.file.FileURLConnection.getInputStream(FileURLConnection.java:189)
	at java.xml/com.sun.org.apache.xerces.internal.impl.XMLEntityManager.setupCurrentEntity(XMLEntityManager.java:653)
	at java.xml/com.sun.org.apache.xerces.internal.impl.XMLVersionDetector.determineDocVersion(XMLVersionDetector.java:150)
	at java.xml/com.sun.org.apache.xerces.internal.parsers.XML11Configuration.parse(XML11Configuration.java:861)
	at java.xml/com.sun.org.apache.xerces.internal.parsers.XML11Configuration.parse(XML11Configuration.java:825)
	at java.xml/com.sun.org.apache.xerces.internal.parsers.XMLParser.parse(XMLParser.java:141)
	at java.xml/com.sun.org.apache.xerces.internal.parsers.AbstractSAXParser.parse(AbstractSAXParser.java:1224)
	at java.xml/com.sun.org.apache.xerces.internal.jaxp.SAXParserImpl$JAXPSAXParser.parse(SAXParserImpl.java:637)
	at org.glassfish.jaxb.runtime.v2.runtime.unmarshaller.UnmarshallerImpl.unmarshal0(UnmarshallerImpl.java:218)
	... 14 more

